2013/11/23 15:52:13 handling add $addend1 $addend2
2013/11/23 15:52:13 handling subtract $minuend $subtrahend
2013/11/23 15:52:13 handling multiply $multiplicand $multiplier
2013/11/23 15:52:13 handling divide $dividend $divisor
2013/11/23 15:52:13 handling exponent $base $exponent
2013/11/23 15:52:13 handling math help
2013/11/23 15:52:13 AppID: 21fa93aa-7b54-4bbe-9235-187ff11b1cae
2013/11/23 15:53:00 no match reddit user captionbot
2013/11/23 15:53:54 no match reddit user captionbot
2013/11/23 15:57:27 no match reddit sub BestOf
2013/11/23 16:21:47 no match shorten http://www.hollywoodreporter.com/sites/default/files/imagecache/thumbnail_570x321/2011/10/reddit_logo_85525217_a_l.jpg
2013/11/23 16:24:32 no match reddit front
2013/11/23 16:25:18 no match shorten http://www.brandsoftheworld.com/sites/default/files/styles/logo-thumbnail/public/012011/reddit-logo2.png
2013/11/23 16:25:46 no match reddit front
2013/11/23 16:27:58 no match shorten http://coryhakecs4830-27398.usw1.actionbox.io:8006/reddit/reddit.go
2013/11/23 16:28:43 no match reddit help
exit status 2
2013/11/23 16:29:30 handling add $addend1 $addend2
2013/11/23 16:29:30 handling subtract $minuend $subtrahend
2013/11/23 16:29:30 handling multiply $multiplicand $multiplier
2013/11/23 16:29:30 handling divide $dividend $divisor
2013/11/23 16:29:30 handling exponent $base $exponent
2013/11/23 16:29:30 handling math help
2013/11/23 16:29:30 AppID: 32b8ffdf-f151-458d-abd4-99ec4722b980
2013/11/23 16:29:50 no match shorten http://coryhakecs4830-27398.usw1.actionbox.io:8006/math/math.go
exit status 2
2013/11/23 16:30:17 handling add $addend1 $addend2
2013/11/23 16:30:17 handling subtract $minuend $subtrahend
2013/11/23 16:30:17 handling multiply $multiplicand $multiplier
2013/11/23 16:30:17 handling divide $dividend $divisor
2013/11/23 16:30:17 handling exponent $base $exponent
2013/11/23 16:30:17 handling math help
2013/11/23 16:30:17 AppID: 18d1bc5c-be45-44dd-a846-59869e37e0da
exit status 2
2013/11/23 16:30:51 handling add $addend1 $addend2
2013/11/23 16:30:51 handling subtract $minuend $subtrahend
2013/11/23 16:30:51 handling multiply $multiplicand $multiplier
2013/11/23 16:30:51 handling divide $dividend $divisor
2013/11/23 16:30:51 handling exponent $base $exponent
2013/11/23 16:30:51 handling math help
2013/11/23 16:30:51 AppID: b0ae88bb-d9ce-40f6-90f9-8545d1b490c8
2013/11/23 16:35:58 no match shorten http://static1.businessinsider.com/image/51f7bdd169bedd1e38000003-480-/google-gopher.png
exit status 2
2013/11/23 16:36:30 handling add $addend1 $addend2
2013/11/23 16:36:30 handling subtract $minuend $subtrahend
2013/11/23 16:36:30 handling multiply $multiplicand $multiplier
2013/11/23 16:36:30 handling divide $dividend $divisor
2013/11/23 16:36:30 handling exponent $base $exponent
2013/11/23 16:36:30 handling math help
2013/11/23 16:36:30 AppID: 437b5999-49fe-483e-afbf-1e4c1b2816c7
exit status 2
2013/11/23 16:42:41 handling add $addend1 $addend2
2013/11/23 16:42:41 handling subtract $minuend $subtrahend
2013/11/23 16:42:41 handling multiply $multiplicand $multiplier
2013/11/23 16:42:41 handling divide $dividend $divisor
2013/11/23 16:42:41 handling exponent $base $exponent
2013/11/23 16:42:41 handling math help
2013/11/23 16:42:41 AppID: d815e053-a129-4f0a-93e2-0d0db02d4bd6
exit status 2
2013/11/23 16:46:43 handling add $addend1 $addend2
2013/11/23 16:46:43 handling subtract $minuend $subtrahend
2013/11/23 16:46:43 handling multiply $multiplicand $multiplier
2013/11/23 16:46:43 handling divide $dividend $divisor
2013/11/23 16:46:43 handling exponent $base $exponent
2013/11/23 16:46:43 handling math help
2013/11/23 16:46:43 AppID: 4abe7fdc-7798-49f3-bd16-f10a24920c20
2013/11/23 16:47:42 no match shorten http://blogs.computerworld.com/sites/default/themes/cw_blogs/cache/files/u34/gogopher-200.gif
exit status 2
2013/11/23 16:48:42 handling add $addend1 $addend2
2013/11/23 16:48:42 handling subtract $minuend $subtrahend
2013/11/23 16:48:42 handling multiply $multiplicand $multiplier
2013/11/23 16:48:42 handling divide $dividend $divisor
2013/11/23 16:48:42 handling exponent $base $exponent
2013/11/23 16:48:42 handling math help
2013/11/23 16:48:42 AppID: ac98fb1c-0b69-4ef8-9b80-33f58ede5586
exit status 2
2013/11/23 16:49:32 handling add $addend1 $addend2
2013/11/23 16:49:32 handling subtract $minuend $subtrahend
2013/11/23 16:49:32 handling multiply $multiplicand $multiplier
2013/11/23 16:49:32 handling divide $dividend $divisor
2013/11/23 16:49:32 handling exponent $base $exponent
2013/11/23 16:49:32 handling math help
2013/11/23 16:49:32 AppID: 1cc168ba-2f72-45aa-a1a3-eee0059e71cb
exit status 2
2013/11/23 16:51:02 handling add $addend1 $addend2
2013/11/23 16:51:02 handling subtract $minuend $subtrahend
2013/11/23 16:51:02 handling multiply $multiplicand $multiplier
2013/11/23 16:51:02 handling divide $dividend $divisor
2013/11/23 16:51:02 handling exponent $base $exponent
2013/11/23 16:51:02 handling math help
2013/11/23 16:51:02 AppID: 2c33f4b0-79a1-4cc1-9036-4a819dbdb4ff
2013/11/23 16:52:26 no match REDDIT HEKP
2013/11/23 16:52:30 no match reddit help
2013/11/23 16:53:42 no match reddit help
2013/11/23 17:09:40 no match reddit help
2013/11/23 17:10:00 no match reddit help
2013/11/23 22:41:14 no match shorten www.baidu.com
2013/11/24 04:02:48 no match hello
2013/11/24 04:16:37 no match hello
2013/11/24 05:09:22 no match twitter nba
2013/11/24 05:09:29 no match fuck off
2013/11/25 02:56:55 no match reddit sub random
2013/11/25 02:57:01 no match reddit sub funny
2013/11/25 02:57:07 no match reddit sub funny
2013/11/25 02:57:48 no match reddit sub random
2013/11/25 02:58:07 no match reddit sub funny
2013/11/25 03:01:54 no match reddit sub random
2013/11/25 03:05:03 no match reddit sub random
2013/11/25 03:07:17 no match reddit sub funny
2013/11/25 03:07:29 no match reddit sub random
2013/11/25 03:07:40 no match reddit user TyTassle
2013/11/25 03:07:55 no match reddit user dknvajsdkfhoweufnasdkfifjsk
2013/11/25 03:08:46 no match reddit user jdfhandfndkfjeiwuefhdfdjsk
2013/11/25 03:08:53 no match reddit user TyTassle
2013/11/25 03:08:59 no match reddit user Unidan
2013/11/25 04:54:15 no match hello
2013/11/25 05:00:19 no match myip
2013/11/25 05:08:14 no match raddit pack
2013/11/25 05:08:19 no match reddit help
2013/11/25 05:08:49 no match reddit help
2013/11/25 05:19:34 no match reddit help
2013/11/25 05:20:34 no match reddit front
2013/11/25 05:20:38 no match reddit front
2013/11/25 05:20:40 no match reddit
2013/11/25 05:24:47 no match reddit front
2013/11/25 05:24:53 no match reddit help
2013/11/25 05:42:40 no match ESPN headlines
2013/11/25 05:42:45 no match ESPN headlines
2013/11/25 05:43:38 no match ESPN headlines
2013/11/25 05:44:13 no match ESPN headlines
2013/11/25 05:45:05 no match ESPN headlines
2013/11/25 06:58:56 no match ESPN headlines
2013/11/25 07:00:29 no match ESPN headlines
2013/11/25 07:02:23 no match ESPN headlines
2013/11/25 07:05:34 no match ESPN headlines
2013/11/25 07:06:09 no match ESPN headlines
2013/11/25 16:48:57 no match reddit sub funny
2013/11/25 20:19:48 no match he;
2013/11/25 20:19:55 no match myip
2013/11/25 20:29:12 no match Cleveland rocks
2013/11/25 20:32:07 no match draw obama
2013/11/25 20:32:25 no match weather
2013/11/25 21:07:03 no match What is the weather like in Carthage,MO
2013/11/25 21:07:31 no match Cleveland rocks!
2013/11/25 21:07:42 no match C
2013/11/25 21:07:57 no match Cleveland rocks!
2013/11/25 21:09:29 no match Cleveland rocks
2013/11/25 21:14:57 no match What is the weather like in St. Louis,MO
2013/11/25 21:17:32 no match Cleveland rocks
2013/11/25 21:17:38 no match Cleveland Rocks
2013/11/25 21:23:40 no match What is the weather like in Columbia,MO
2013/11/25 21:35:34 no match What is the weather like in carthage,mo
2013/11/25 21:36:39 no match What is the weather like in Billings,MO
2013/11/25 21:37:22 no match What is the weather like in Columbia,MO
2013/11/25 21:41:05 no match What is the weather like in columbia,MO
2013/11/25 21:42:06 no match What is the weather like in Columbia,MO
2013/11/25 21:46:40 no match What is the weather like in Columbia,MO
2013/11/25 21:47:36 no match What is the weather like in columbia,mo
2013/11/25 21:52:53 no match myip
2013/11/25 21:57:08 no match What is the weather like in Columbia,MO
2013/11/25 22:14:50 no match What is the weather like in Columbia,MO
2013/11/25 22:15:22 no match What is the weather like in Houston,TX
2013/11/25 22:15:43 no match What is the weather like in Columbia,MO
2013/11/25 22:21:47 no match What is the weather like in Columbia,MO
2013/11/25 22:23:25 no match What is the weather like in Columbia,MO
2013/11/25 22:23:44 no match What is the weather like in Houston,TX
2013/11/25 22:27:00 no match What is the weather like in Columbia,MO
2013/11/25 22:27:11 no match What is the weather like in Houston, TX
2013/11/25 22:27:59 no match What is the weather like in Unicorn,MD
2013/11/25 22:28:44 no match Cleveland rocks
2013/11/25 22:29:06 no match What is the weather like in Columbia,MO
2013/11/25 22:29:13 no match What is the weather like in Unicorn,md
2013/11/25 22:29:16 no match what is the weather in columbia
2013/11/25 22:29:36 no match myip
2013/11/25 22:30:06 no match What is the weather like in Columbia,MO
2013/11/25 22:30:15 no match What is the weather like in NSDF,nd
2013/11/25 22:31:27 no match What is the weather like in Columbia,MO
2013/11/25 22:34:27 no match What is the weather like in asfdasd,asdfasd
2013/11/25 22:38:11 no match What is the weather like in $asdfasd,asdfasd
2013/11/25 22:38:25 no match What is the weather like in Columbia,MO
2013/11/25 22:38:41 no match What is the weather like in London
2013/11/25 22:38:54 no match What is the weather like in Barcelona
2013/11/25 22:39:06 no match What is the weather like in amsterdam
2013/11/25 22:39:21 no match what is the weather like in england
2013/11/25 22:39:31 no match what is the weather like in houston,tx
2013/11/25 22:40:09 no match what is the weather like in st. louis, mo
2013/11/25 22:40:32 no match who
2013/11/25 22:47:44 no match what is the weather like in joplin mo
2013/11/25 22:48:11 no match what is the weather like in houston tx
2013/11/25 22:48:23 no match What is the weather like in Houston,TX
2013/11/25 22:48:32 no match What is the weather like in Joplin,MO
2013/11/25 22:53:27 no match What is the weather like in Columbia,MO
2013/11/25 22:53:43 no match What is the weather like in Houston,TX
2013/11/25 22:53:57 no match what is the weather like in london
2013/11/26 02:40:39 no match What is the weather like in Billings,MO
2013/11/26 03:00:08 no match What is the weather like in Columbia,MO
2013/11/26 03:00:26 no match What is the weather like in Republic,MO
2013/11/26 03:00:57 no match What is the weather like in Springfield,MO
2013/11/26 03:01:11 no match What is the weather like in Springfield,IL
2013/11/26 04:26:20 no match What is the weather like in Tokyo
2013/11/26 04:27:03 no match What is the weather like in Tulsa,OK
2013/11/26 04:33:11 no match What is the weather like in Sand Springs, OK
2013/11/26 04:33:25 no match What is the weather like in Tulsa,OK
2013/11/26 04:33:52 no match What is the weather like in london
2013/11/27 02:10:02 no match what is the weather like in houston,texas
2013/11/27 02:23:59 no match reddit front
2013/12/05 18:26:54 handling add $addend1 $addend2
2013/12/05 18:26:54 handling subtract $minuend $subtrahend
2013/12/05 18:26:54 handling multiply $multiplicand $multiplier
2013/12/05 18:26:54 handling divide $dividend $divisor
2013/12/05 18:26:54 handling exponent $base $exponent
2013/12/05 18:26:54 handling math help
2013/12/05 18:26:54 AppID: e7aa4b0c-0312-4ed4-8b3b-34ba8006740b
2013/12/05 18:40:56 no match show me some fantasy news
2013/12/05 18:55:08 no match mizzou logo
2013/12/05 19:16:15 no match Show me some fantasy news
2013/12/05 19:40:06 no match show me some fantasy news
2013/12/05 19:41:53 no match show me some fantasy news
2013/12/05 19:42:32 no match show me some fantasy news
2013/12/05 20:01:07 no match Translate to ERRMAHGERD take it to the class
2013/12/05 20:15:48 no match how would yoda say shit
2013/12/05 20:15:56 no match How would Yoda say shit
2013/12/05 20:16:18 no match how would yoda say fuck
2013/12/05 20:16:34 no match helo
2013/12/05 20:30:52 no match Translate to ERRMAHGERD oh my god
2013/12/05 20:31:11 no match new reports 1
2013/12/05 20:31:38 no match new reports 10
2013/12/05 20:32:20 no match Translate to ERRMAHGERD why did you kill my server
2013/12/05 20:33:36 no match mizzou logo
2013/12/05 20:34:03 no match show me some fantasy news
2013/12/05 20:34:39 no match Translate to ERRMAHGERD why do you keep giving an error
2013/12/05 20:40:33 no match Translate to ERRMAHGERD ohmygod hotspot
2013/12/05 20:41:50 no match Translate to ERRMAHGERD I wish you would work
2013/12/05 20:47:54 no match 5+6
2013/12/05 20:47:59 no match 5+6
2013/12/05 20:48:28 no match math
2013/12/05 20:48:31 no match math
2013/12/05 20:48:45 no match mizzou logo
2013/12/05 20:49:15 no match what is the weather like in Columbia, Mo
2013/12/05 21:31:53 no match rewant;h
2013/12/05 21:31:55 no match rewanth
2013/12/05 21:31:57 no match rewanth
2013/12/08 16:51:52 handling add $addend1 $addend2
2013/12/08 16:51:52 handling subtract $minuend $subtrahend
2013/12/08 16:51:52 handling multiply $multiplicand $multiplier
2013/12/08 16:51:52 handling divide $dividend $divisor
2013/12/08 16:51:52 handling exponent $base $exponent
2013/12/08 16:51:52 handling math help
2013/12/08 16:51:52 AppID: 966e7ed2-ce0b-4b5d-82ad-9196772855b4
2013/12/08 17:28:49 no match what are the top 10000 songs in spain
2013/12/08 18:25:34 no match Translate to ERRMAHGERD hotspot
2013/12/08 18:28:59 no match obama
2013/12/08 18:29:26 no match Draw rectangle 100 50
2013/12/08 18:29:31 no match Obama
2013/12/08 18:29:54 no match Show Obama
2013/12/08 18:30:35 no match what is the top song in India
2013/12/08 18:31:07 no match what are the top 49 songs in India
2013/12/08 19:09:53 no match what is the top song in india
2013/12/08 19:10:20 no match what is the top song in usa
2013/12/08 19:10:43 no match what is the top song in america
2013/12/08 19:11:07 no match what is the top song in china
2013/12/08 19:24:45 no match Show Obama
